<?xml version="1.0" encoding="UTF-8"?>
<!-- Generated by org.testng.reporters.JUnitReportReporter -->
<testsuite hostname="DESKTOP-0UJMIG6" failures="0" tests="4" name="com.juaracoding.restassured.TestCRUD" time="4.236" errors="0" timestamp="2022-08-28T15:33:19 ICT" skipped="0">
  <testcase classname="com.juaracoding.restassured.TestCRUD" name="testPost" time="4.213"/>
  <system-out/>
  <testcase classname="com.juaracoding.restassured.TestCRUD" name="testPut" time="0.006"/>
  <system-out/>
  <testcase classname="com.juaracoding.restassured.TestCRUD" name="testPatch" time="0.002"/>
  <system-out/>
  <testcase classname="com.juaracoding.restassured.TestCRUD" name="testDelete" time="0.015"/>
  <system-out/>
</testsuite> <!-- com.juaracoding.restassured.TestCRUD -->
