<?xml version="1.0" encoding="UTF-8"?>
<!-- Generated by org.testng.reporters.JUnitReportReporter -->
<testsuite hostname="DESKTOP-0UJMIG6" failures="0" tests="3" name="com.juaracoding.restassured.TestGetAllUser" time="2.805" errors="0" timestamp="2022-08-28T15:12:33 ICT" skipped="0">
  <testcase classname="com.juaracoding.restassured.TestGetAllUser" name="testIdTwo" time="0.302"/>
  <system-out/>
  <testcase classname="com.juaracoding.restassured.TestGetAllUser" name="testIdOne" time="1.955"/>
  <system-out/>
  <testcase classname="com.juaracoding.restassured.TestGetAllUser" name="testStatusCode" time="0.548"/>
  <system-out/>
</testsuite> <!-- com.juaracoding.restassured.TestGetAllUser -->
